Temp/gradleOut/unityLibrary/build/intermediates/manifest_merge_blame_file/release/manifest-merger-blame-release-report.txt
1<?xml version="1.0" encoding="utf-8"?>
2<!-- GENERATED BY UNITY. REMOVE THIS COMMENT TO PREVENT OVERWRITING WHEN EXPORTING AGAIN -->
3<manifest xmlns:android="http://schemas.android.com/apk/res/android"
4    xmlns:tools="http://schemas.android.com/tools"
5    package="com.unity3d.player"
6    android:versionCode="1"
7    android:versionName="0.1" >
8
9    <uses-sdk
10        android:minSdkVersion="31"
10-->src\main\AndroidManifest.xml
11        android:targetSdkVersion="31" />
11-->src\main\AndroidManifest.xml
12
13    <uses-feature android:glEsVersion="0x00030002" />
13-->src\main\AndroidManifest.xml:20:3-52
13-->src\main\AndroidManifest.xml:20:17-49
14    <uses-feature
14-->src\main\AndroidManifest.xml:21:3-88
15        android:name="android.hardware.touchscreen"
15-->src\main\AndroidManifest.xml:21:17-60
16        android:required="false" />
16-->src\main\AndroidManifest.xml:21:61-85
17    <uses-feature
17-->src\main\AndroidManifest.xml:22:3-99
18        android:name="android.hardware.touchscreen.multitouch"
18-->src\main\AndroidManifest.xml:22:17-71
19        android:required="false" />
19-->src\main\AndroidManifest.xml:22:72-96
20    <uses-feature
20-->src\main\AndroidManifest.xml:23:3-108
21        android:name="android.hardware.touchscreen.multitouch.distinct"
21-->src\main\AndroidManifest.xml:23:17-80
22        android:required="false" />
22-->src\main\AndroidManifest.xml:23:81-105
23
24    <application>
24-->src\main\AndroidManifest.xml:4:3-19:17
25        <activity
25-->src\main\AndroidManifest.xml:5:5-12:16
26            android:name="com.unity3d.player.UnityPlayerActivity"
26-->src\main\AndroidManifest.xml:5:15-68
27            android:configChanges="mcc|mnc|locale|touchscreen|keyboard|keyboardHidden|navigation|orientation|screenLayout|uiMode|screenSize|smallestScreenSize|fontScale|layoutDirection|density"
27-->src\main\AndroidManifest.xml:5:181-362
28            android:exported="true"
28-->src\main\AndroidManifest.xml:5:434-457
29            android:hardwareAccelerated="false"
29-->src\main\AndroidManifest.xml:5:398-433
30            android:launchMode="singleTask"
30-->src\main\AndroidManifest.xml:5:149-180
31            android:resizeableActivity="false"
31-->src\main\AndroidManifest.xml:5:363-397
32            android:screenOrientation="landscape"
32-->src\main\AndroidManifest.xml:5:111-148
33            android:theme="@style/UnityThemeSelector" >
33-->src\main\AndroidManifest.xml:5:69-110
34            <intent-filter>
34-->src\main\AndroidManifest.xml:6:7-9:23
35                <action android:name="android.intent.action.MAIN" />
35-->src\main\AndroidManifest.xml:7:9-61
35-->src\main\AndroidManifest.xml:7:17-58
36
37                <category android:name="android.intent.category.LAUNCHER" />
37-->src\main\AndroidManifest.xml:8:9-69
37-->src\main\AndroidManifest.xml:8:19-66
38            </intent-filter>
39
40            <meta-data
40-->src\main\AndroidManifest.xml:10:7-82
41                android:name="unityplayer.UnityActivity"
41-->src\main\AndroidManifest.xml:10:18-58
42                android:value="true" />
42-->src\main\AndroidManifest.xml:10:59-79
43            <meta-data
43-->src\main\AndroidManifest.xml:11:7-78
44                android:name="android.notch_support"
44-->src\main\AndroidManifest.xml:11:18-54
45                android:value="true" />
45-->src\main\AndroidManifest.xml:11:55-75
46        </activity>
47
48        <meta-data
48-->src\main\AndroidManifest.xml:13:5-69
49            android:name="unity.splash-mode"
49-->src\main\AndroidManifest.xml:13:16-48
50            android:value="0" />
50-->src\main\AndroidManifest.xml:13:49-66
51        <meta-data
51-->src\main\AndroidManifest.xml:14:5-74
52            android:name="unity.splash-enable"
52-->src\main\AndroidManifest.xml:14:16-50
53            android:value="True" />
53-->src\main\AndroidManifest.xml:14:51-71
54        <meta-data
54-->src\main\AndroidManifest.xml:15:5-78
55            android:name="unity.launch-fullscreen"
55-->src\main\AndroidManifest.xml:15:16-54
56            android:value="True" />
56-->src\main\AndroidManifest.xml:15:55-75
57        <meta-data
57-->src\main\AndroidManifest.xml:16:5-84
58            android:name="unity.allow-resizable-window"
58-->src\main\AndroidManifest.xml:16:16-59
59            android:value="False" />
59-->src\main\AndroidManifest.xml:16:60-81
60        <meta-data
60-->src\main\AndroidManifest.xml:17:5-81
61            android:name="notch.config"
61-->src\main\AndroidManifest.xml:17:16-43
62            android:value="portrait|landscape" />
62-->src\main\AndroidManifest.xml:17:44-78
63        <meta-data
63-->src\main\AndroidManifest.xml:18:5-101
64            android:name="unity.build-id"
64-->src\main\AndroidManifest.xml:18:16-45
65            android:value="9eb290dc-f8a3-4eea-bbb3-9b0073b8b9ed" />
65-->src\main\AndroidManifest.xml:18:46-98
66    </application>
67
68</manifest>